<?xml version="1.0" encoding="UTF-8"?>
<testng-results ignored="0" total="1" passed="1" failed="0" skipped="0">
  <reporter-output>
  </reporter-output>
  <suite started-at="2023-12-25T15:23:03 IST" name="Default suite" finished-at="2023-12-25T15:23:29 IST" duration-ms="26387">
    <groups>
    </groups>
    <test started-at="2023-12-25T15:23:03 IST" name="Default test" finished-at="2023-12-25T15:23:29 IST" duration-ms="26387">
      <class name="CleanEletric.DemoPro.DragDropDemo">
        <test-method is-config="true" signature="ConfigureAppium()[pri:0, instance:CleanEletric.DemoPro.DragDropDemo@21be3395]" started-at="2023-12-25T15:23:03 IST" name="ConfigureAppium" finished-at="2023-12-25T15:23:20 IST" duration-ms="17019" status="PASS">
          <reporter-output>
          </reporter-output>
        </test-method> <!-- ConfigureAppium -->
        <test-method signature="dragDropTest()[pri:0, instance:CleanEletric.DemoPro.DragDropDemo@21be3395]" started-at="2023-12-25T15:23:20 IST" name="dragDropTest" finished-at="2023-12-25T15:23:28 IST" duration-ms="7843" status="PASS">
          <reporter-output>
          </reporter-output>
        </test-method> <!-- dragDropTest -->
        <test-method is-config="true" signature="tearDown()[pri:0, instance:CleanEletric.DemoPro.DragDropDemo@21be3395]" started-at="2023-12-25T15:23:28 IST" name="tearDown" finished-at="2023-12-25T15:23:29 IST" duration-ms="1347" status="PASS">
          <reporter-output>
          </reporter-output>
        </test-method> <!-- tearDown -->
      </class> <!-- CleanEletric.DemoPro.DragDropDemo -->
    </test> <!-- Default test -->
  </suite> <!-- Default suite -->
</testng-results>
