<?xml version="1.0" encoding="UTF-8"?>
<testng-results ignored="0" total="1" passed="1" failed="0" skipped="0">
  <reporter-output>
  </reporter-output>
  <suite started-at="2024-01-05T19:44:55 IST" name="Default suite" finished-at="2024-01-05T19:45:25 IST" duration-ms="30670">
    <groups>
    </groups>
    <test started-at="2024-01-05T19:44:55 IST" name="Default test" finished-at="2024-01-05T19:45:25 IST" duration-ms="30670">
      <class name="CleanEletric.DemoPro.Misclellanous">
        <test-method is-config="true" signature="ConfigureAppium()[pri:0, instance:CleanEletric.DemoPro.Misclellanous@21be3395]" started-at="2024-01-05T19:44:55 IST" name="ConfigureAppium" finished-at="2024-01-05T19:45:14 IST" duration-ms="18961" status="PASS">
          <reporter-output>
          </reporter-output>
        </test-method> <!-- ConfigureAppium -->
        <test-method signature="appiumTest()[pri:0, instance:CleanEletric.DemoPro.Misclellanous@21be3395]" started-at="2024-01-05T19:45:14 IST" name="appiumTest" finished-at="2024-01-05T19:45:22 IST" duration-ms="8684" status="PASS">
          <reporter-output>
          </reporter-output>
        </test-method> <!-- appiumTest -->
        <test-method is-config="true" signature="tearDown()[pri:0, instance:CleanEletric.DemoPro.Misclellanous@21be3395]" started-at="2024-01-05T19:45:23 IST" name="tearDown" finished-at="2024-01-05T19:45:25 IST" duration-ms="2840" status="PASS">
          <reporter-output>
          </reporter-output>
        </test-method> <!-- tearDown -->
      </class> <!-- CleanEletric.DemoPro.Misclellanous -->
    </test> <!-- Default test -->
  </suite> <!-- Default suite -->
</testng-results>
